[INFO] Scanning for projects...
[INFO] 
[INFO] ----------------< com.familyvault:family-vault-locker >-----------------
[INFO] Building Family Vault Locker 0.0.1-SNAPSHOT
[INFO]   from pom.xml
[INFO] --------------------------------[ jar ]---------------------------------
[INFO] 
[INFO] >>> spring-boot:3.3.5:run (default-cli) > test-compile @ family-vault-locker >>>
[INFO] 
[INFO] --- resources:3.3.1:resources (default-resources) @ family-vault-locker ---
[INFO] Copying 1 resource from src\main\resources to target\classes
[INFO] Copying 0 resource from src\main\resources to target\classes
[INFO] 
[INFO] --- compiler:3.13.0:compile (default-compile) @ family-vault-locker ---
[INFO] Nothing to compile - all classes are up to date.
[INFO] 
[INFO] --- resources:3.3.1:testResources (default-testResources) @ family-vault-locker ---
[INFO] skip non existing resourceDirectory C:\Users\harsh\OneDrive\Documents\FamilyLocker\backend\src\test\resources
[INFO] 
[INFO] --- compiler:3.13.0:testCompile (default-testCompile) @ family-vault-locker ---
[INFO] No sources to compile
[INFO] 
[INFO] <<< spring-boot:3.3.5:run (default-cli) < test-compile @ family-vault-locker <<<
[INFO] 
[INFO] 
[INFO] --- spring-boot:3.3.5:run (default-cli) @ family-vault-locker ---
[INFO] Attaching agents: []
Standard Commons Logging discovery in action with spring-jcl: please remove commons-logging.jar from classpath in order to avoid potential conflicts

  .   ____          _            __ _ _
 /\\ / ___'_ __ _ _(_)_ __  __ _ \ \ \ \
( ( )\___ | '_ | '_| | '_ \/ _` | \ \ \ \
 \\/  ___)| |_)| | | | | || (_| |  ) ) ) )
  '  |____| .__|_| |_|_| |_\__, | / / / /
 =========|_|==============|___/=/_/_/_/

 :: Spring Boot ::                (v3.3.5)

2026-06-25T15:19:33.520+05:30  INFO 20768 --- [family-vault-locker] [           main] c.f.FamilyVaultLockerApplication         : Starting FamilyVaultLockerApplication using Java 17.0.17 with PID 20768 (C:\Users\harsh\OneDrive\Documents\FamilyLocker\backend\target\classes started by harsh in C:\Users\harsh\OneDrive\Documents\FamilyLocker\backend)
2026-06-25T15:19:33.524+05:30  INFO 20768 --- [family-vault-locker] [           main] c.f.FamilyVaultLockerApplication         : No active profile set, falling back to 1 default profile: "default"
2026-06-25T15:19:34.265+05:30  INFO 20768 --- [family-vault-locker] [           main] .s.d.r.c.RepositoryConfigurationDelegate : Bootstrapping Spring Data JPA repositories in DEFAULT mode.
2026-06-25T15:19:34.413+05:30  INFO 20768 --- [family-vault-locker] [           main] .s.d.r.c.RepositoryConfigurationDelegate : Finished Spring Data repository scanning in 125 ms. Found 28 JPA repository interfaces.
2026-06-25T15:19:35.032+05:30  INFO 20768 --- [family-vault-locker] [           main] o.s.b.w.embedded.tomcat.TomcatWebServer  : Tomcat initialized with port 8080 (http)
2026-06-25T15:19:35.057+05:30  INFO 20768 --- [family-vault-locker] [           main] o.apache.catalina.core.StandardService   : Starting service [Tomcat]
2026-06-25T15:19:35.058+05:30  INFO 20768 --- [family-vault-locker] [           main] o.apache.catalina.core.StandardEngine    : Starting Servlet engine: [Apache Tomcat/10.1.31]
2026-06-25T15:19:35.122+05:30  INFO 20768 --- [family-vault-locker] [           main] o.a.c.c.C.[Tomcat].[localhost].[/]       : Initializing Spring embedded WebApplicationContext
2026-06-25T15:19:35.124+05:30  INFO 20768 --- [family-vault-locker] [           main] w.s.c.ServletWebServerApplicationContext : Root WebApplicationContext: initialization completed in 1552 ms
Standard Commons Logging discovery in action with spring-jcl: please remove commons-logging.jar from classpath in order to avoid potential conflicts
2026-06-25T15:19:35.284+05:30  INFO 20768 --- [family-vault-locker] [           main] o.hibernate.jpa.internal.util.LogHelper  : HHH000204: Processing PersistenceUnitInfo [name: default]
2026-06-25T15:19:35.335+05:30  INFO 20768 --- [family-vault-locker] [           main] org.hibernate.Version                    : HHH000412: Hibernate ORM core version 6.5.3.Final
2026-06-25T15:19:35.365+05:30  INFO 20768 --- [family-vault-locker] [           main] o.h.c.internal.RegionFactoryInitiator    : HHH000026: Second-level cache disabled
2026-06-25T15:19:35.705+05:30  INFO 20768 --- [family-vault-locker] [           main] o.s.o.j.p.SpringPersistenceUnitInfo      : No LoadTimeWeaver setup: ignoring JPA class transformer
2026-06-25T15:19:35.732+05:30  INFO 20768 --- [family-vault-locker] [           main] com.zaxxer.hikari.HikariDataSource       : HikariPool-1 - Starting...
2026-06-25T15:19:37.974+05:30  INFO 20768 --- [family-vault-locker] [           main] com.zaxxer.hikari.pool.HikariPool        : HikariPool-1 - Added connection org.postgresql.jdbc.PgConnection@5a6f6cac
2026-06-25T15:19:37.985+05:30  INFO 20768 --- [family-vault-locker] [           main] com.zaxxer.hikari.HikariDataSource       : HikariPool-1 - Start completed.
2026-06-25T15:19:38.317+05:30  WARN 20768 --- [family-vault-locker] [           main] org.hibernate.orm.deprecation            : HHH90000025: PostgreSQLDialect does not need to be specified explicitly using 'hibernate.dialect' (remove the property setting and it will be selected by default)
2026-06-25T15:19:40.261+05:30  INFO 20768 --- [family-vault-locker] [           main] o.h.e.t.j.p.i.JtaPlatformInitiator       : HHH000489: No JTA platform available (set 'hibernate.transaction.jta.platform' to enable JTA platform integration)
2026-06-25T15:20:17.027+05:30  INFO 20768 --- [family-vault-locker] [           main] j.LocalContainerEntityManagerFactoryBean : Initialized JPA EntityManagerFactory for persistence unit 'default'
2026-06-25T15:20:17.398+05:30  INFO 20768 --- [family-vault-locker] [           main] o.s.d.j.r.query.QueryEnhancerFactory     : Hibernate is in classpath; If applicable, HQL parser will be used.
2026-06-25T15:20:18.035+05:30  INFO 20768 --- [family-vault-locker] [           main] r$InitializeUserDetailsManagerConfigurer : Global AuthenticationManager configured with UserDetailsService bean with name userDetailsService
2026-06-25T15:20:18.478+05:30  INFO 20768 --- [family-vault-locker] [           main] o.s.b.w.embedded.tomcat.TomcatWebServer  : Tomcat started on port 8080 (http) with context path '/'
2026-06-25T15:20:18.488+05:30  INFO 20768 --- [family-vault-locker] [           main] c.f.FamilyVaultLockerApplication         : Started FamilyVaultLockerApplication in 45.323 seconds (process running for 45.678)
2026-06-25T15:22:42.130+05:30  INFO 20768 --- [family-vault-locker] [nio-8080-exec-1] o.a.c.c.C.[Tomcat].[localhost].[/]       : Initializing Spring DispatcherServlet 'dispatcherServlet'
2026-06-25T15:22:42.130+05:30  INFO 20768 --- [family-vault-locker] [nio-8080-exec-1] o.s.web.servlet.DispatcherServlet        : Initializing Servlet 'dispatcherServlet'
2026-06-25T15:22:42.131+05:30  INFO 20768 --- [family-vault-locker] [nio-8080-exec-1] o.s.web.servlet.DispatcherServlet        : Completed initialization in 1 ms
